{"level":"info","message":"SystemStartup: Log Level is: info","timestamp":"2016-07-21T17:54:13.524Z"}
{"level":"info","message":"System[M]: 1 workers spawned. Listening for disconnects.","timestamp":"2016-07-21T17:54:14.677Z"}
{"level":"info","message":"SystemStartup: Log Level is: info","timestamp":"2016-07-21T17:54:14.995Z"}
{"level":"info","message":"PencilBlue: Ensuring indices...","timestamp":"2016-07-21T17:54:15.972Z"}
{"level":"info","message":"ServerInitializer: HTTP server starting, binding on IP 0.0.0.0 and port: 8080","timestamp":"2016-07-21T17:54:16.869Z"}
{"level":"info","message":"PencilBlue: Ready to run!","timestamp":"2016-07-21T17:54:16.876Z"}
{"message":"The host (localhost:8080) has not been registered with a site. In single site mode, you must use your site root (homebase).","stack":"Error: The host (localhost:8080) has not been registered with a site. In single site mode, you must use your site root (homebase).\n    at RequestHandlerModule.RequestHandler.onSessionRetrieved (/Users/administrator/tribal-cms/include/http/request_handler.js:792:23)\n    at /Users/administrator/tribal-cms/include/http/request_handler.js:565:18\n    at SessionHandler.SessionModule.SessionHandler.open (/Users/administrator/tribal-cms/include/session/session.js:121:20)\n    at RequestHandlerModule.RequestHandler.handleRequest (/Users/administrator/tribal-cms/include/http/request_handler.js:548:20)\n    at PencilBlue.onHttpConnect (/Users/administrator/tribal-cms/pencilblue.js:263:17)\n    at Server.context.onRequest (/Users/administrator/tribal-cms/pencilblue.js:216:22)\n    at emitTwo (events.js:87:13)\n    at Server.emit (events.js:172:7)\n    at HTTPParser.parserOnIncoming [as onIncoming] (_http_server.js:525:12)\n    at HTTPParser.parserOnHeadersComplete (_http_common.js:88:23)","level":"error","timestamp":"2016-07-21T17:54:25.317Z"}
{"level":"error","message":"System[1]: uncaught Exception detected : TypeError: Path must be a string. Received null\n    at assertPath (path.js:8:11)\n    at Object.posix.join (path.js:479:5)\n    at ErrorFormatters.html (/Users/administrator/tribal-cms/include/error/formatters/error_formatters.js:130:18)\n    at Function.ErrorFormatters.formatForMime (/Users/administrator/tribal-cms/include/error/formatters/error_formatters.js:292:9)\n    at /Users/administrator/tribal-cms/include/http/request_handler.js:742:32\n    at /Users/administrator/tribal-cms/include/http/request_handler.js:722:17\n    at /Users/administrator/tribal-cms/include/service/simple_layered_service.js:94:17\n    at /Users/administrator/tribal-cms/node_modules/async/lib/async.js:789:30\n    at /Users/administrator/tribal-cms/node_modules/async/lib/async.js:167:37\n    at /Users/administrator/tribal-cms/include/service/simple_layered_service.js:75:21","timestamp":"2016-07-21T17:54:25.322Z"}
{"level":"info","message":"SystemStartup: Log Level is: info","timestamp":"2016-07-21T17:54:25.663Z"}
{"level":"info","message":"PencilBlue: Ensuring indices...","timestamp":"2016-07-21T17:54:26.701Z"}
{"level":"info","message":"ServerInitializer: HTTP server starting, binding on IP 0.0.0.0 and port: 8080","timestamp":"2016-07-21T17:54:26.883Z"}
{"level":"info","message":"PencilBlue: Ready to run!","timestamp":"2016-07-21T17:54:26.889Z"}
{"message":"The host (localhost:8080) has not been registered with a site. In single site mode, you must use your site root (homebase).","stack":"Error: The host (localhost:8080) has not been registered with a site. In single site mode, you must use your site root (homebase).\n    at RequestHandlerModule.RequestHandler.onSessionRetrieved (/Users/administrator/tribal-cms/include/http/request_handler.js:792:23)\n    at /Users/administrator/tribal-cms/include/http/request_handler.js:565:18\n    at SessionHandler.SessionModule.SessionHandler.open (/Users/administrator/tribal-cms/include/session/session.js:121:20)\n    at RequestHandlerModule.RequestHandler.handleRequest (/Users/administrator/tribal-cms/include/http/request_handler.js:548:20)\n    at PencilBlue.onHttpConnect (/Users/administrator/tribal-cms/pencilblue.js:263:17)\n    at Server.context.onRequest (/Users/administrator/tribal-cms/pencilblue.js:216:22)\n    at emitTwo (events.js:87:13)\n    at Server.emit (events.js:172:7)\n    at HTTPParser.parserOnIncoming [as onIncoming] (_http_server.js:525:12)\n    at HTTPParser.parserOnHeadersComplete (_http_common.js:88:23)","level":"error","timestamp":"2016-07-21T17:54:28.332Z"}
{"level":"error","message":"System[2]: uncaught Exception detected : TypeError: Path must be a string. Received null\n    at assertPath (path.js:8:11)\n    at Object.posix.join (path.js:479:5)\n    at ErrorFormatters.html (/Users/administrator/tribal-cms/include/error/formatters/error_formatters.js:130:18)\n    at Function.ErrorFormatters.formatForMime (/Users/administrator/tribal-cms/include/error/formatters/error_formatters.js:292:9)\n    at /Users/administrator/tribal-cms/include/http/request_handler.js:742:32\n    at /Users/administrator/tribal-cms/include/http/request_handler.js:722:17\n    at /Users/administrator/tribal-cms/include/service/simple_layered_service.js:94:17\n    at /Users/administrator/tribal-cms/node_modules/async/lib/async.js:789:30\n    at /Users/administrator/tribal-cms/node_modules/async/lib/async.js:167:37\n    at /Users/administrator/tribal-cms/include/service/simple_layered_service.js:75:21","timestamp":"2016-07-21T17:54:28.336Z"}
{"level":"info","message":"SystemStartup: Log Level is: info","timestamp":"2016-07-21T17:54:28.691Z"}
{"level":"info","message":"PencilBlue: Ensuring indices...","timestamp":"2016-07-21T17:54:29.522Z"}
{"level":"info","message":"ServerInitializer: HTTP server starting, binding on IP 0.0.0.0 and port: 8080","timestamp":"2016-07-21T17:54:29.696Z"}
{"level":"info","message":"PencilBlue: Ready to run!","timestamp":"2016-07-21T17:54:29.701Z"}
{"message":"The host (localhost:8080) has not been registered with a site. In single site mode, you must use your site root (homebase).","stack":"Error: The host (localhost:8080) has not been registered with a site. In single site mode, you must use your site root (homebase).\n    at RequestHandlerModule.RequestHandler.onSessionRetrieved (/Users/administrator/tribal-cms/include/http/request_handler.js:792:23)\n    at /Users/administrator/tribal-cms/include/http/request_handler.js:565:18\n    at SessionHandler.SessionModule.SessionHandler.open (/Users/administrator/tribal-cms/include/session/session.js:121:20)\n    at RequestHandlerModule.RequestHandler.handleRequest (/Users/administrator/tribal-cms/include/http/request_handler.js:548:20)\n    at PencilBlue.onHttpConnect (/Users/administrator/tribal-cms/pencilblue.js:263:17)\n    at Server.context.onRequest (/Users/administrator/tribal-cms/pencilblue.js:216:22)\n    at emitTwo (events.js:87:13)\n    at Server.emit (events.js:172:7)\n    at HTTPParser.parserOnIncoming [as onIncoming] (_http_server.js:525:12)\n    at HTTPParser.parserOnHeadersComplete (_http_common.js:88:23)","level":"error","timestamp":"2016-07-21T17:54:39.412Z"}
{"level":"error","message":"System[3]: uncaught Exception detected : TypeError: Path must be a string. Received null\n    at assertPath (path.js:8:11)\n    at Object.posix.join (path.js:479:5)\n    at ErrorFormatters.html (/Users/administrator/tribal-cms/include/error/formatters/error_formatters.js:130:18)\n    at Function.ErrorFormatters.formatForMime (/Users/administrator/tribal-cms/include/error/formatters/error_formatters.js:292:9)\n    at /Users/administrator/tribal-cms/include/http/request_handler.js:742:32\n    at /Users/administrator/tribal-cms/include/http/request_handler.js:722:17\n    at /Users/administrator/tribal-cms/include/service/simple_layered_service.js:94:17\n    at /Users/administrator/tribal-cms/node_modules/async/lib/async.js:789:30\n    at /Users/administrator/tribal-cms/node_modules/async/lib/async.js:167:37\n    at /Users/administrator/tribal-cms/include/service/simple_layered_service.js:75:21","timestamp":"2016-07-21T17:54:39.419Z"}
{"level":"info","message":"SystemStartup: Log Level is: info","timestamp":"2016-07-21T17:54:39.778Z"}
{"level":"info","message":"PencilBlue: Ensuring indices...","timestamp":"2016-07-21T17:54:40.595Z"}
{"level":"info","message":"ServerInitializer: HTTP server starting, binding on IP 0.0.0.0 and port: 8080","timestamp":"2016-07-21T17:54:40.762Z"}
{"level":"info","message":"PencilBlue: Ready to run!","timestamp":"2016-07-21T17:54:40.767Z"}
{"message":"The host (localhost:8080) has not been registered with a site. In single site mode, you must use your site root (homebase).","stack":"Error: The host (localhost:8080) has not been registered with a site. In single site mode, you must use your site root (homebase).\n    at RequestHandlerModule.RequestHandler.onSessionRetrieved (/Users/administrator/tribal-cms/include/http/request_handler.js:792:23)\n    at /Users/administrator/tribal-cms/include/http/request_handler.js:565:18\n    at SessionHandler.SessionModule.SessionHandler.open (/Users/administrator/tribal-cms/include/session/session.js:121:20)\n    at RequestHandlerModule.RequestHandler.handleRequest (/Users/administrator/tribal-cms/include/http/request_handler.js:548:20)\n    at PencilBlue.onHttpConnect (/Users/administrator/tribal-cms/pencilblue.js:263:17)\n    at Server.context.onRequest (/Users/administrator/tribal-cms/pencilblue.js:216:22)\n    at emitTwo (events.js:87:13)\n    at Server.emit (events.js:172:7)\n    at HTTPParser.parserOnIncoming [as onIncoming] (_http_server.js:525:12)\n    at HTTPParser.parserOnHeadersComplete (_http_common.js:88:23)","level":"error","timestamp":"2016-07-21T17:55:09.784Z"}
{"level":"info","message":"SystemStartup: Log Level is: info","timestamp":"2016-07-21T17:55:10.462Z"}
{"level":"info","message":"PencilBlue: Ensuring indices...","timestamp":"2016-07-21T17:55:12.108Z"}
{"level":"info","message":"ServerInitializer: HTTP server starting, binding on IP 0.0.0.0 and port: 8080","timestamp":"2016-07-21T17:55:12.271Z"}
{"level":"info","message":"PencilBlue: Ready to run!","timestamp":"2016-07-21T17:55:12.277Z"}
{"level":"info","message":"SystemStartup: Log Level is: info","timestamp":"2016-07-21T17:55:48.151Z"}
{"level":"info","message":"System[M]: 1 workers spawned. Listening for disconnects.","timestamp":"2016-07-21T17:55:48.750Z"}
{"level":"info","message":"SystemStartup: Log Level is: info","timestamp":"2016-07-21T17:55:49.096Z"}
{"level":"info","message":"PencilBlue: Ensuring indices...","timestamp":"2016-07-21T17:55:49.845Z"}
{"level":"info","message":"ServerInitializer: HTTP server starting, binding on IP 0.0.0.0 and port: 8080","timestamp":"2016-07-21T17:55:50.000Z"}
{"level":"info","message":"PencilBlue: Ready to run!","timestamp":"2016-07-21T17:55:50.011Z"}
{"message":"The host (localhost:8080) has not been registered with a site. In single site mode, you must use your site root (homebase).","stack":"Error: The host (localhost:8080) has not been registered with a site. In single site mode, you must use your site root (homebase).\n    at RequestHandlerModule.RequestHandler.onSessionRetrieved (/Users/administrator/tribal-cms/include/http/request_handler.js:792:23)\n    at /Users/administrator/tribal-cms/include/http/request_handler.js:565:18\n    at SessionHandler.SessionModule.SessionHandler.open (/Users/administrator/tribal-cms/include/session/session.js:121:20)\n    at RequestHandlerModule.RequestHandler.handleRequest (/Users/administrator/tribal-cms/include/http/request_handler.js:548:20)\n    at PencilBlue.onHttpConnect (/Users/administrator/tribal-cms/pencilblue.js:263:17)\n    at Server.context.onRequest (/Users/administrator/tribal-cms/pencilblue.js:216:22)\n    at emitTwo (events.js:87:13)\n    at Server.emit (events.js:172:7)\n    at HTTPParser.parserOnIncoming [as onIncoming] (_http_server.js:525:12)\n    at HTTPParser.parserOnHeadersComplete (_http_common.js:88:23)","level":"error","timestamp":"2016-07-21T17:55:55.028Z"}
{"level":"error","message":"System[1]: uncaught Exception detected : TypeError: Path must be a string. Received null\n    at assertPath (path.js:8:11)\n    at Object.posix.join (path.js:479:5)\n    at ErrorFormatters.html (/Users/administrator/tribal-cms/include/error/formatters/error_formatters.js:130:18)\n    at Function.ErrorFormatters.formatForMime (/Users/administrator/tribal-cms/include/error/formatters/error_formatters.js:292:9)\n    at /Users/administrator/tribal-cms/include/http/request_handler.js:742:32\n    at /Users/administrator/tribal-cms/include/http/request_handler.js:722:17\n    at /Users/administrator/tribal-cms/include/service/simple_layered_service.js:94:17\n    at /Users/administrator/tribal-cms/node_modules/async/lib/async.js:789:30\n    at /Users/administrator/tribal-cms/node_modules/async/lib/async.js:167:37\n    at /Users/administrator/tribal-cms/include/service/simple_layered_service.js:75:21","timestamp":"2016-07-21T17:55:55.032Z"}
{"level":"info","message":"SystemStartup: Log Level is: info","timestamp":"2016-07-21T17:55:55.398Z"}
{"level":"info","message":"PencilBlue: Ensuring indices...","timestamp":"2016-07-21T17:55:56.218Z"}
{"level":"info","message":"ServerInitializer: HTTP server starting, binding on IP 0.0.0.0 and port: 8080","timestamp":"2016-07-21T17:55:56.381Z"}
{"level":"info","message":"PencilBlue: Ready to run!","timestamp":"2016-07-21T17:55:56.387Z"}
{"level":"info","message":"SystemStartup: Log Level is: info","timestamp":"2016-07-21T17:57:34.698Z"}
{"level":"info","message":"System[M]: 1 workers spawned. Listening for disconnects.","timestamp":"2016-07-21T17:57:35.935Z"}
{"level":"info","message":"SystemStartup: Log Level is: info","timestamp":"2016-07-21T17:57:36.250Z"}
{"level":"info","message":"PencilBlue: Ensuring indices...","timestamp":"2016-07-21T17:57:37.164Z"}
{"level":"info","message":"ServerInitializer: HTTP server starting, binding on IP 0.0.0.0 and port: 8080","timestamp":"2016-07-21T17:57:37.319Z"}
{"level":"info","message":"PencilBlue: Ready to run!","timestamp":"2016-07-21T17:57:37.328Z"}
{"message":"The host (localhost:8080) has not been registered with a site. In single site mode, you must use your site root (homebase).","stack":"Error: The host (localhost:8080) has not been registered with a site. In single site mode, you must use your site root (homebase).\n    at RequestHandlerModule.RequestHandler.onSessionRetrieved (/Users/administrator/tribal-cms/include/http/request_handler.js:792:23)\n    at /Users/administrator/tribal-cms/include/http/request_handler.js:565:18\n    at SessionHandler.SessionModule.SessionHandler.open (/Users/administrator/tribal-cms/include/session/session.js:121:20)\n    at RequestHandlerModule.RequestHandler.handleRequest (/Users/administrator/tribal-cms/include/http/request_handler.js:548:20)\n    at PencilBlue.onHttpConnect (/Users/administrator/tribal-cms/pencilblue.js:263:17)\n    at Server.context.onRequest (/Users/administrator/tribal-cms/pencilblue.js:216:22)\n    at emitTwo (events.js:87:13)\n    at Server.emit (events.js:172:7)\n    at HTTPParser.parserOnIncoming [as onIncoming] (_http_server.js:525:12)\n    at HTTPParser.parserOnHeadersComplete (_http_common.js:88:23)","level":"error","timestamp":"2016-07-21T17:58:57.927Z"}
{"level":"error","message":"System[1]: uncaught Exception detected : TypeError: Path must be a string. Received null\n    at assertPath (path.js:8:11)\n    at Object.posix.join (path.js:479:5)\n    at ErrorFormatters.html (/Users/administrator/tribal-cms/include/error/formatters/error_formatters.js:130:18)\n    at Function.ErrorFormatters.formatForMime (/Users/administrator/tribal-cms/include/error/formatters/error_formatters.js:292:9)\n    at /Users/administrator/tribal-cms/include/http/request_handler.js:742:32\n    at /Users/administrator/tribal-cms/include/http/request_handler.js:722:17\n    at /Users/administrator/tribal-cms/include/service/simple_layered_service.js:94:17\n    at /Users/administrator/tribal-cms/node_modules/async/lib/async.js:789:30\n    at /Users/administrator/tribal-cms/node_modules/async/lib/async.js:167:37\n    at /Users/administrator/tribal-cms/include/service/simple_layered_service.js:75:21","timestamp":"2016-07-21T17:58:57.936Z"}
{"level":"info","message":"SystemStartup: Log Level is: info","timestamp":"2016-07-21T17:58:58.645Z"}
{"level":"info","message":"PencilBlue: Ensuring indices...","timestamp":"2016-07-21T17:58:51.406Z"}
{"level":"info","message":"ServerInitializer: HTTP server starting, binding on IP 0.0.0.0 and port: 8080","timestamp":"2016-07-21T17:58:51.589Z"}
{"level":"info","message":"PencilBlue: Ready to run!","timestamp":"2016-07-21T17:58:51.596Z"}
{"level":"info","message":"SystemStartup: Log Level is: info","timestamp":"2016-07-21T17:59:30.369Z"}
{"level":"info","message":"System[M]: 1 workers spawned. Listening for disconnects.","timestamp":"2016-07-21T17:59:31.643Z"}
{"level":"info","message":"SystemStartup: Log Level is: info","timestamp":"2016-07-21T17:59:32.057Z"}
{"level":"info","message":"PencilBlue: Ensuring indices...","timestamp":"2016-07-21T17:59:33.202Z"}
{"level":"info","message":"ServerInitializer: HTTP server starting, binding on IP 0.0.0.0 and port: 8080","timestamp":"2016-07-21T17:59:33.432Z"}
{"level":"info","message":"PencilBlue: Ready to run!","timestamp":"2016-07-21T17:59:33.444Z"}
{"message":"The host (localhost:8080) has not been registered with a site. In single site mode, you must use your site root (http://127.0.0.1:8080).","stack":"Error: The host (localhost:8080) has not been registered with a site. In single site mode, you must use your site root (http://127.0.0.1:8080).\n    at RequestHandlerModule.RequestHandler.onSessionRetrieved (/Users/administrator/tribal-cms/include/http/request_handler.js:792:23)\n    at /Users/administrator/tribal-cms/include/http/request_handler.js:565:18\n    at SessionHandler.SessionModule.SessionHandler.open (/Users/administrator/tribal-cms/include/session/session.js:121:20)\n    at RequestHandlerModule.RequestHandler.handleRequest (/Users/administrator/tribal-cms/include/http/request_handler.js:548:20)\n    at PencilBlue.onHttpConnect (/Users/administrator/tribal-cms/pencilblue.js:263:17)\n    at Server.context.onRequest (/Users/administrator/tribal-cms/pencilblue.js:216:22)\n    at emitTwo (events.js:87:13)\n    at Server.emit (events.js:172:7)\n    at HTTPParser.parserOnIncoming [as onIncoming] (_http_server.js:525:12)\n    at HTTPParser.parserOnHeadersComplete (_http_common.js:88:23)","level":"error","timestamp":"2016-07-21T17:59:36.404Z"}
{"level":"error","message":"System[1]: uncaught Exception detected : TypeError: Path must be a string. Received null\n    at assertPath (path.js:8:11)\n    at Object.posix.join (path.js:479:5)\n    at ErrorFormatters.html (/Users/administrator/tribal-cms/include/error/formatters/error_formatters.js:130:18)\n    at Function.ErrorFormatters.formatForMime (/Users/administrator/tribal-cms/include/error/formatters/error_formatters.js:292:9)\n    at /Users/administrator/tribal-cms/include/http/request_handler.js:742:32\n    at /Users/administrator/tribal-cms/include/http/request_handler.js:722:17\n    at /Users/administrator/tribal-cms/include/service/simple_layered_service.js:94:17\n    at /Users/administrator/tribal-cms/node_modules/async/lib/async.js:789:30\n    at /Users/administrator/tribal-cms/node_modules/async/lib/async.js:167:37\n    at /Users/administrator/tribal-cms/include/service/simple_layered_service.js:75:21","timestamp":"2016-07-21T17:59:36.409Z"}
{"level":"info","message":"SystemStartup: Log Level is: info","timestamp":"2016-07-21T17:59:36.800Z"}
{"level":"info","message":"PencilBlue: Ensuring indices...","timestamp":"2016-07-21T17:59:37.675Z"}
{"level":"info","message":"ServerInitializer: HTTP server starting, binding on IP 0.0.0.0 and port: 8080","timestamp":"2016-07-21T17:59:37.849Z"}
{"level":"info","message":"PencilBlue: Ready to run!","timestamp":"2016-07-21T17:59:37.855Z"}
{"level":"info","message":"SystemStartup: Log Level is: info","timestamp":"2016-07-21T18:01:55.019Z"}
{"level":"info","message":"System[M]: 1 workers spawned. Listening for disconnects.","timestamp":"2016-07-21T18:01:56.554Z"}
{"level":"info","message":"SystemStartup: Log Level is: info","timestamp":"2016-07-21T18:01:56.873Z"}
{"level":"info","message":"PencilBlue: Ensuring indices...","timestamp":"2016-07-21T18:01:57.849Z"}
{"level":"info","message":"ServerInitializer: HTTP server starting, binding on IP 0.0.0.0 and port: 8080","timestamp":"2016-07-21T18:01:58.210Z"}
{"level":"info","message":"PencilBlue: Ready to run!","timestamp":"2016-07-21T18:01:58.219Z"}
{"level":"warn","message":"RequestHandler: The active theme is not set.  Defaulting to 'pencilblue'","timestamp":"2016-07-21T18:02:09.066Z"}
{"level":"warn","message":"RequestHandler: The active theme is not set.  Defaulting to 'pencilblue'","timestamp":"2016-07-21T18:02:09.089Z"}
{"level":"warn","message":"RequestHandler: The active theme is not set.  Defaulting to 'pencilblue'","timestamp":"2016-07-21T18:02:11.363Z"}
{"level":"warn","message":"RequestHandler: The active theme is not set.  Defaulting to 'pencilblue'","timestamp":"2016-07-21T18:02:11.372Z"}
{"level":"warn","message":"RequestHandler: The active theme is not set.  Defaulting to 'pencilblue'","timestamp":"2016-07-21T18:02:11.455Z"}
{"level":"warn","message":"RequestHandler: The active theme is not set.  Defaulting to 'pencilblue'","timestamp":"2016-07-21T18:02:11.461Z"}
{"level":"warn","message":"RequestHandler: The active theme is not set.  Defaulting to 'pencilblue'","timestamp":"2016-07-21T18:04:15.998Z"}
{"level":"info","message":"SystemStartup: Log Level is: info","timestamp":"2016-07-21T18:06:12.904Z"}
{"level":"info","message":"System[M]: 1 workers spawned. Listening for disconnects.","timestamp":"2016-07-21T18:06:14.512Z"}
{"level":"info","message":"SystemStartup: Log Level is: info","timestamp":"2016-07-21T18:06:14.891Z"}
{"level":"info","message":"PencilBlue: Ensuring indices...","timestamp":"2016-07-21T18:06:16.090Z"}
{"level":"info","message":"ServerInitializer: HTTP server starting, binding on IP 0.0.0.0 and port: 8080","timestamp":"2016-07-21T18:06:16.301Z"}
{"level":"info","message":"PencilBlue: Ready to run!","timestamp":"2016-07-21T18:06:16.309Z"}
{"level":"warn","message":"RequestHandler: The active theme is not set.  Defaulting to 'pencilblue'","timestamp":"2016-07-21T18:06:18.941Z"}
{"level":"warn","message":"RequestHandler: The active theme is not set.  Defaulting to 'pencilblue'","timestamp":"2016-07-21T18:06:36.796Z"}
{"level":"warn","message":"PluginService: getServices is deprecated. Use PluginServiceLoader.getAll","timestamp":"2016-07-21T18:07:11.142Z"}
{"level":"warn","message":"Localization: localize is deprecated.","timestamp":"2016-07-21T18:07:42.320Z"}
